d:\classes\gpgpu\codes\exams\test1\templates\takehome\takehome\x64\release\vc143.pdb
d:\classes\gpgpu\codes\exams\test1\templates\takehome\takehome\x64\release\parallelhistogram.obj
d:\classes\gpgpu\codes\exams\test1\templates\takehome\takehome\x64\release\cpufunctions.obj
d:\classes\gpgpu\codes\exams\test1\templates\takehome\takehome\x64\release\gpuerrors.cu.obj
d:\classes\gpgpu\codes\exams\test1\templates\takehome\takehome\x64\release\globalcopyhistogram.cu.obj
d:\classes\gpgpu\codes\exams\test1\templates\takehome\takehome\x64\release\naivehistogramgpu.cu.obj
d:\classes\gpgpu\codes\exams\test1\templates\takehome\takehome\x64\release\sharedcopyhistogram.cu.obj
d:\classes\gpgpu\codes\exams\test1\templates\takehome\x64\release\takehome.exe
d:\classes\gpgpu\codes\exams\test1\templates\takehome\takehome\x64\release\takehome.ipdb
d:\classes\gpgpu\codes\exams\test1\templates\takehome\x64\release\takehome.pdb
d:\classes\gpgpu\codes\exams\test1\templates\takehome\takehome\x64\release\takehome.iobj
d:\classes\gpgpu\codes\exams\test1\templates\takehome\takehome\x64\release\globalcopyhistogram.cu.cache
d:\classes\gpgpu\codes\exams\test1\templates\takehome\takehome\x64\release\gpuerrors.cu.cache
d:\classes\gpgpu\codes\exams\test1\templates\takehome\takehome\x64\release\naivehistogramgpu.cu.cache
d:\classes\gpgpu\codes\exams\test1\templates\takehome\takehome\x64\release\sharedcopyhistogram.cu.cache
d:\classes\gpgpu\codes\exams\test1\templates\takehome\takehome\x64\release\takehome.tlog\cl.command.1.tlog
d:\classes\gpgpu\codes\exams\test1\templates\takehome\takehome\x64\release\takehome.tlog\cl.read.1.tlog
d:\classes\gpgpu\codes\exams\test1\templates\takehome\takehome\x64\release\takehome.tlog\cl.write.1.tlog
d:\classes\gpgpu\codes\exams\test1\templates\takehome\takehome\x64\release\takehome.tlog\cudacompile.read.1u.tlog
d:\classes\gpgpu\codes\exams\test1\templates\takehome\takehome\x64\release\takehome.tlog\cudacompile.write.1u.tlog
d:\classes\gpgpu\codes\exams\test1\templates\takehome\takehome\x64\release\takehome.tlog\link.command.1.tlog
d:\classes\gpgpu\codes\exams\test1\templates\takehome\takehome\x64\release\takehome.tlog\link.read.1.tlog
d:\classes\gpgpu\codes\exams\test1\templates\takehome\takehome\x64\release\takehome.tlog\link.write.1.tlog
