j:\assignments\spring2021\assignmenttemplates\assignment2\parallelsum\parallelsum\initialization.opt.yaml
j:\assignments\spring2021\assignmenttemplates\assignment2\parallelsum\parallelsum\x64\debug\initialization.obj
j:\assignments\spring2021\assignmenttemplates\assignment2\parallelsum\parallelsum\sum.opt.yaml
j:\assignments\spring2021\assignmenttemplates\assignment2\parallelsum\parallelsum\x64\debug\sum.obj
j:\assignments\spring2021\assignmenttemplates\assignment2\parallelsum\parallelsum\sequentialsum.opt.yaml
j:\assignments\spring2021\assignmenttemplates\assignment2\parallelsum\parallelsum\x64\debug\sequentialsum.obj
j:\assignments\spring2021\assignmenttemplates\assignment2\parallelsum\parallelsum\parallelsum.opt.yaml
j:\assignments\spring2021\assignmenttemplates\assignment2\parallelsum\parallelsum\x64\debug\parallelsum.obj
j:\assignments\spring2021\assignmenttemplates\assignment2\parallelsum\x64\debug\parallelsum.pdb
j:\assignments\spring2021\assignmenttemplates\assignment2\parallelsum\x64\debug\parallelsum.exe
f:\computer engineering\2021 spring\multicore programming\homework\assignment2\parallelsum\parallelsum\x64\debug\initialization.obj
f:\computer engineering\2021 spring\multicore programming\homework\assignment2\parallelsum\parallelsum\x64\debug\parallelsum.obj
f:\computer engineering\2021 spring\multicore programming\homework\assignment2\parallelsum\parallelsum\x64\debug\sum.obj
f:\computer engineering\2021 spring\multicore programming\homework\assignment2\parallelsum\parallelsum\x64\debug\sequentialsum.obj
f:\computer engineering\2021 spring\multicore programming\homework\assignment2\parallelsum\x64\debug\parallelsum.pdb
f:\computer engineering\2021 spring\multicore programming\homework\assignment2\parallelsum\x64\debug\parallelsum.exe
f:\computer engineering\2021 spring\multicore programming\homework\assignment2\parallelsum\parallelsum\x64\debug\parallelsum.tlog\icx-clang-cl.16616.delete.1.tlog
f:\computer engineering\2021 spring\multicore programming\homework\assignment2\parallelsum\parallelsum\x64\debug\parallelsum.tlog\icx-clang-cl.16616.read.1.tlog
f:\computer engineering\2021 spring\multicore programming\homework\assignment2\parallelsum\parallelsum\x64\debug\parallelsum.tlog\icx-clang-cl.16616.write.1.tlog
f:\computer engineering\2021 spring\multicore programming\homework\assignment2\parallelsum\parallelsum\x64\debug\parallelsum.tlog\icx-clang-cl.16672.delete.1.tlog
f:\computer engineering\2021 spring\multicore programming\homework\assignment2\parallelsum\parallelsum\x64\debug\parallelsum.tlog\icx-clang-cl.16672.read.1.tlog
f:\computer engineering\2021 spring\multicore programming\homework\assignment2\parallelsum\parallelsum\x64\debug\parallelsum.tlog\icx-clang-cl.16672.write.1.tlog
f:\computer engineering\2021 spring\multicore programming\homework\assignment2\parallelsum\parallelsum\x64\debug\parallelsum.tlog\icx-clang-cl.18012.delete.1.tlog
f:\computer engineering\2021 spring\multicore programming\homework\assignment2\parallelsum\parallelsum\x64\debug\parallelsum.tlog\icx-clang-cl.18012.read.1.tlog
f:\computer engineering\2021 spring\multicore programming\homework\assignment2\parallelsum\parallelsum\x64\debug\parallelsum.tlog\icx-clang-cl.18012.write.1.tlog
f:\computer engineering\2021 spring\multicore programming\homework\assignment2\parallelsum\parallelsum\x64\debug\parallelsum.tlog\icx-clang-cl.20404.delete.1.tlog
f:\computer engineering\2021 spring\multicore programming\homework\assignment2\parallelsum\parallelsum\x64\debug\parallelsum.tlog\icx-clang-cl.20404.read.1.tlog
f:\computer engineering\2021 spring\multicore programming\homework\assignment2\parallelsum\parallelsum\x64\debug\parallelsum.tlog\icx-clang-cl.20404.write.1.tlog
f:\computer engineering\2021 spring\multicore programming\homework\assignment2\parallelsum\parallelsum\x64\debug\parallelsum.tlog\icx-clang-cl.read.1.tlog
f:\computer engineering\2021 spring\multicore programming\homework\assignment2\parallelsum\parallelsum\x64\debug\parallelsum.tlog\icx.command.1.tlog
f:\computer engineering\2021 spring\multicore programming\homework\assignment2\parallelsum\parallelsum\x64\debug\parallelsum.tlog\icx.read.1.tlog
f:\computer engineering\2021 spring\multicore programming\homework\assignment2\parallelsum\parallelsum\x64\debug\parallelsum.tlog\icx.write.1.tlog
f:\computer engineering\2021 spring\multicore programming\homework\assignment2\parallelsum\parallelsum\x64\debug\parallelsum.tlog\xilink-lld-link.delete.1.tlog
f:\computer engineering\2021 spring\multicore programming\homework\assignment2\parallelsum\parallelsum\x64\debug\parallelsum.tlog\xilink-lld-link.read.1.tlog
f:\computer engineering\2021 spring\multicore programming\homework\assignment2\parallelsum\parallelsum\x64\debug\parallelsum.tlog\xilink-lld-link.read.2.tlog
f:\computer engineering\2021 spring\multicore programming\homework\assignment2\parallelsum\parallelsum\x64\debug\parallelsum.tlog\xilink-lld-link.write.1.tlog
f:\computer engineering\2021 spring\multicore programming\homework\assignment2\parallelsum\parallelsum\x64\debug\parallelsum.tlog\xilink.command.1.tlog
f:\computer engineering\2021 spring\multicore programming\homework\assignment2\parallelsum\parallelsum\x64\debug\parallelsum.tlog\xilink.read.1.tlog
f:\computer engineering\2021 spring\multicore programming\homework\assignment2\parallelsum\parallelsum\x64\debug\parallelsum.tlog\xilink.write.1.tlog
f:\computer engineering\2021 spring\multicore programming\homework\assignment2\parallelsum\parallelsum\x64\debug\parallelsum.tlog\icx-clang-cl.13900.read.1.tlog
f:\computer engineering\2021 spring\multicore programming\homework\assignment2\parallelsum\parallelsum\x64\debug\parallelsum.tlog\icx-clang-cl.13900.write.1.tlog
f:\computer engineering\2021 spring\multicore programming\homework\assignment2\parallelsum\parallelsum\x64\debug\parallelsum.tlog\icx-clang-cl.13900.delete.1.tlog
f:\computer engineering\2021 spring\multicore programming\homework\assignment2\parallelsum\parallelsum\x64\debug\parallelsum.tlog\icx-clang-cl.21328.read.1.tlog
f:\computer engineering\2021 spring\multicore programming\homework\assignment2\parallelsum\parallelsum\x64\debug\parallelsum.tlog\icx-clang-cl.21328.write.1.tlog
f:\computer engineering\2021 spring\multicore programming\homework\assignment2\parallelsum\parallelsum\x64\debug\parallelsum.tlog\icx-clang-cl.21328.delete.1.tlog
f:\computer engineering\2021 spring\multicore programming\homework\assignment2\parallelsum\parallelsum\x64\debug\parallelsum.tlog\icx-clang-cl.22712.read.1.tlog
f:\computer engineering\2021 spring\multicore programming\homework\assignment2\parallelsum\parallelsum\x64\debug\parallelsum.tlog\icx-clang-cl.22712.write.1.tlog
f:\computer engineering\2021 spring\multicore programming\homework\assignment2\parallelsum\parallelsum\x64\debug\parallelsum.tlog\icx-clang-cl.22712.delete.1.tlog
f:\computer engineering\2021 spring\multicore programming\homework\assignment2\parallelsum\parallelsum\x64\debug\parallelsum.tlog\icx-clang-cl.14024.read.1.tlog
f:\computer engineering\2021 spring\multicore programming\homework\assignment2\parallelsum\parallelsum\x64\debug\parallelsum.tlog\icx-clang-cl.14024.write.1.tlog
f:\computer engineering\2021 spring\multicore programming\homework\assignment2\parallelsum\parallelsum\x64\debug\parallelsum.tlog\icx-clang-cl.14024.delete.1.tlog
f:\computer engineering\2021 spring\multicore programming\homework\assignment2\parallelsum\parallelsum\x64\debug\parallelsum.tlog\xilink-lld-link.read.3.tlog
f:\computer engineering\2021 spring\multicore programming\homework\assignment2\parallelsum\parallelsum\x64\debug\parallelsum.tlog\xilink-lld-link.read.4.tlog
f:\computer engineering\2021 spring\multicore programming\homework\assignment2\parallelsum\parallelsum\x64\debug\parallelsum.tlog\xilink-lld-link.read.5.tlog
f:\computer engineering\2021 spring\multicore programming\homework\assignment2\parallelsum\parallelsum\x64\debug\parallelsum.tlog\icx-clang-cl.12184.delete.1.tlog
f:\computer engineering\2021 spring\multicore programming\homework\assignment2\parallelsum\parallelsum\x64\debug\parallelsum.tlog\icx-clang-cl.12184.read.1.tlog
f:\computer engineering\2021 spring\multicore programming\homework\assignment2\parallelsum\parallelsum\x64\debug\parallelsum.tlog\icx-clang-cl.12184.write.1.tlog
f:\computer engineering\2021 spring\multicore programming\homework\assignment2\parallelsum\parallelsum\x64\debug\parallelsum.tlog\icx-clang-cl.18948.delete.1.tlog
f:\computer engineering\2021 spring\multicore programming\homework\assignment2\parallelsum\parallelsum\x64\debug\parallelsum.tlog\icx-clang-cl.18948.read.1.tlog
f:\computer engineering\2021 spring\multicore programming\homework\assignment2\parallelsum\parallelsum\x64\debug\parallelsum.tlog\icx-clang-cl.18948.write.1.tlog
f:\computer engineering\2021 spring\multicore programming\homework\assignment2\parallelsum\parallelsum\x64\debug\parallelsum.tlog\icx-clang-cl.19252.delete.1.tlog
f:\computer engineering\2021 spring\multicore programming\homework\assignment2\parallelsum\parallelsum\x64\debug\parallelsum.tlog\icx-clang-cl.19252.read.1.tlog
f:\computer engineering\2021 spring\multicore programming\homework\assignment2\parallelsum\parallelsum\x64\debug\parallelsum.tlog\icx-clang-cl.19252.write.1.tlog
f:\computer engineering\2021 spring\multicore programming\homework\assignment2\parallelsum\parallelsum\x64\debug\parallelsum.tlog\icx-clang-cl.3580.delete.1.tlog
f:\computer engineering\2021 spring\multicore programming\homework\assignment2\parallelsum\parallelsum\x64\debug\parallelsum.tlog\icx-clang-cl.3580.read.1.tlog
f:\computer engineering\2021 spring\multicore programming\homework\assignment2\parallelsum\parallelsum\x64\debug\parallelsum.tlog\icx-clang-cl.3580.write.1.tlog
