j:\assignments\spring2021\assignmenttemplates\assignment3\prob3\prob3\matrixmult.opt.yaml
j:\assignments\spring2021\assignmenttemplates\assignment3\prob3\prob3\x64\debug\matrixmult.obj
j:\assignments\spring2021\assignmenttemplates\assignment3\prob3\prob3\parallel.opt.yaml
j:\assignments\spring2021\assignmenttemplates\assignment3\prob3\prob3\x64\debug\parallel.obj
j:\assignments\spring2021\assignmenttemplates\assignment3\prob3\prob3\sequential.opt.yaml
j:\assignments\spring2021\assignmenttemplates\assignment3\prob3\prob3\x64\debug\sequential.obj
j:\assignments\spring2021\assignmenttemplates\assignment3\prob3\prob3\functions.opt.yaml
j:\assignments\spring2021\assignmenttemplates\assignment3\prob3\prob3\x64\debug\functions.obj
j:\assignments\spring2021\assignmenttemplates\assignment3\prob3\x64\debug\prob3.pdb
j:\assignments\spring2021\assignmenttemplates\assignment3\prob3\x64\debug\prob3.exe
f:\computer engineering\2021 spring\multicore programming\homework\assignment3\assignment3\prob3\prob3\x64\debug\functions.obj
f:\computer engineering\2021 spring\multicore programming\homework\assignment3\assignment3\prob3\prob3\x64\debug\matrixmult.obj
f:\computer engineering\2021 spring\multicore programming\homework\assignment3\assignment3\prob3\prob3\x64\debug\parallel.obj
f:\computer engineering\2021 spring\multicore programming\homework\assignment3\assignment3\prob3\prob3\x64\debug\sequential.obj
f:\computer engineering\2021 spring\multicore programming\homework\assignment3\assignment3\prob3\x64\debug\prob3.pdb
f:\computer engineering\2021 spring\multicore programming\homework\assignment3\assignment3\prob3\x64\debug\prob3.exe
f:\computer engineering\2021 spring\multicore programming\homework\assignment3\assignment3\prob3\prob3\x64\debug\prob3.tlog\icx-clang-cl.14660.delete.1.tlog
f:\computer engineering\2021 spring\multicore programming\homework\assignment3\assignment3\prob3\prob3\x64\debug\prob3.tlog\icx-clang-cl.14660.read.1.tlog
f:\computer engineering\2021 spring\multicore programming\homework\assignment3\assignment3\prob3\prob3\x64\debug\prob3.tlog\icx-clang-cl.14660.write.1.tlog
f:\computer engineering\2021 spring\multicore programming\homework\assignment3\assignment3\prob3\prob3\x64\debug\prob3.tlog\icx-clang-cl.19108.delete.1.tlog
f:\computer engineering\2021 spring\multicore programming\homework\assignment3\assignment3\prob3\prob3\x64\debug\prob3.tlog\icx-clang-cl.19108.read.1.tlog
f:\computer engineering\2021 spring\multicore programming\homework\assignment3\assignment3\prob3\prob3\x64\debug\prob3.tlog\icx-clang-cl.19108.write.1.tlog
f:\computer engineering\2021 spring\multicore programming\homework\assignment3\assignment3\prob3\prob3\x64\debug\prob3.tlog\icx-clang-cl.23792.delete.1.tlog
f:\computer engineering\2021 spring\multicore programming\homework\assignment3\assignment3\prob3\prob3\x64\debug\prob3.tlog\icx-clang-cl.23792.read.1.tlog
f:\computer engineering\2021 spring\multicore programming\homework\assignment3\assignment3\prob3\prob3\x64\debug\prob3.tlog\icx-clang-cl.23792.write.1.tlog
f:\computer engineering\2021 spring\multicore programming\homework\assignment3\assignment3\prob3\prob3\x64\debug\prob3.tlog\icx-clang-cl.23796.delete.1.tlog
f:\computer engineering\2021 spring\multicore programming\homework\assignment3\assignment3\prob3\prob3\x64\debug\prob3.tlog\icx-clang-cl.23796.read.1.tlog
f:\computer engineering\2021 spring\multicore programming\homework\assignment3\assignment3\prob3\prob3\x64\debug\prob3.tlog\icx-clang-cl.23796.write.1.tlog
f:\computer engineering\2021 spring\multicore programming\homework\assignment3\assignment3\prob3\prob3\x64\debug\prob3.tlog\icx-clang-cl.read.1.tlog
f:\computer engineering\2021 spring\multicore programming\homework\assignment3\assignment3\prob3\prob3\x64\debug\prob3.tlog\icx.command.1.tlog
f:\computer engineering\2021 spring\multicore programming\homework\assignment3\assignment3\prob3\prob3\x64\debug\prob3.tlog\icx.read.1.tlog
f:\computer engineering\2021 spring\multicore programming\homework\assignment3\assignment3\prob3\prob3\x64\debug\prob3.tlog\icx.write.1.tlog
f:\computer engineering\2021 spring\multicore programming\homework\assignment3\assignment3\prob3\prob3\x64\debug\prob3.tlog\xilink-lld-link.delete.1.tlog
f:\computer engineering\2021 spring\multicore programming\homework\assignment3\assignment3\prob3\prob3\x64\debug\prob3.tlog\xilink-lld-link.read.1.tlog
f:\computer engineering\2021 spring\multicore programming\homework\assignment3\assignment3\prob3\prob3\x64\debug\prob3.tlog\xilink-lld-link.read.2.tlog
f:\computer engineering\2021 spring\multicore programming\homework\assignment3\assignment3\prob3\prob3\x64\debug\prob3.tlog\xilink-lld-link.write.1.tlog
f:\computer engineering\2021 spring\multicore programming\homework\assignment3\assignment3\prob3\prob3\x64\debug\prob3.tlog\xilink.command.1.tlog
f:\computer engineering\2021 spring\multicore programming\homework\assignment3\assignment3\prob3\prob3\x64\debug\prob3.tlog\xilink.read.1.tlog
f:\computer engineering\2021 spring\multicore programming\homework\assignment3\assignment3\prob3\prob3\x64\debug\prob3.tlog\xilink.write.1.tlog
