d:\classes\gpgpu\assignments\templates\assignment3\prob4\prob4\x64\release\vc143.pdb
d:\classes\gpgpu\assignments\templates\assignment3\prob4\prob4\x64\release\prob4cpu.obj
d:\classes\gpgpu\assignments\templates\assignment3\prob4\prob4\x64\release\prob4.obj
d:\classes\gpgpu\assignments\templates\assignment3\prob4\prob4\x64\release\functions.obj
d:\classes\gpgpu\assignments\templates\assignment3\prob4\prob4\x64\release\gpuerrors.cu.obj
d:\classes\gpgpu\assignments\templates\assignment3\prob4\prob4\x64\release\prob4gpu.cu.obj
d:\classes\gpgpu\assignments\templates\assignment3\prob4\x64\release\prob4.exe
d:\classes\gpgpu\assignments\templates\assignment3\prob4\prob4\x64\release\prob4.ipdb
d:\classes\gpgpu\assignments\templates\assignment3\prob4\x64\release\prob4.pdb
d:\classes\gpgpu\assignments\templates\assignment3\prob4\prob4\x64\release\prob4.iobj
d:\classes\gpgpu\assignments\templates\assignment3\prob4\prob4\x64\release\gpuerrors.cu.cache
d:\classes\gpgpu\assignments\templates\assignment3\prob4\prob4\x64\release\prob4gpu.cu.cache
d:\classes\gpgpu\assignments\templates\assignment3\prob4\prob4\x64\release\prob4.tlog\cl.command.1.tlog
d:\classes\gpgpu\assignments\templates\assignment3\prob4\prob4\x64\release\prob4.tlog\cl.read.1.tlog
d:\classes\gpgpu\assignments\templates\assignment3\prob4\prob4\x64\release\prob4.tlog\cl.write.1.tlog
d:\classes\gpgpu\assignments\templates\assignment3\prob4\prob4\x64\release\prob4.tlog\cudacompile.read.1u.tlog
d:\classes\gpgpu\assignments\templates\assignment3\prob4\prob4\x64\release\prob4.tlog\cudacompile.write.1u.tlog
d:\classes\gpgpu\assignments\templates\assignment3\prob4\prob4\x64\release\prob4.tlog\link.command.1.tlog
d:\classes\gpgpu\assignments\templates\assignment3\prob4\prob4\x64\release\prob4.tlog\link.read.1.tlog
d:\classes\gpgpu\assignments\templates\assignment3\prob4\prob4\x64\release\prob4.tlog\link.write.1.tlog
