d:\classes\multicoreprogramming\assignments\spring2021\assignment4\assignment4\x64\debug\linearregression.obj
d:\classes\multicoreprogramming\assignments\spring2021\assignment4\assignment4\x64\debug\sequential.obj
d:\classes\multicoreprogramming\assignments\spring2021\assignment4\assignment4\x64\debug\parallell.obj
d:\classes\multicoreprogramming\assignments\spring2021\assignment4\assignment4\x64\debug\functions.obj
d:\classes\multicoreprogramming\assignments\spring2021\assignment4\assignment4\x64\debug\taskparallelism.obj
d:\classes\multicoreprogramming\assignments\spring2021\assignment4\x64\debug\assignment4.pdb
d:\classes\multicoreprogramming\assignments\spring2021\assignment4\x64\debug\assignment4.exe
d:\classes\multicoreprogramming\assignments\spring2021\assignmenttemplates\assignment4\assignment4\x64\debug\functions.obj
d:\classes\multicoreprogramming\assignments\spring2021\assignmenttemplates\assignment4\assignment4\x64\debug\linearregression.obj
d:\classes\multicoreprogramming\assignments\spring2021\assignmenttemplates\assignment4\assignment4\x64\debug\parallell.obj
d:\classes\multicoreprogramming\assignments\spring2021\assignmenttemplates\assignment4\assignment4\x64\debug\sequential.obj
d:\classes\multicoreprogramming\assignments\spring2021\assignmenttemplates\assignment4\assignment4\x64\debug\taskparallelism.obj
d:\classes\multicoreprogramming\assignments\spring2021\assignmenttemplates\assignment4\x64\debug\assignment4.pdb
d:\classes\multicoreprogramming\assignments\spring2021\assignmenttemplates\assignment4\x64\debug\assignment4.exe
d:\classes\multicoreprogramming\assignments\spring2021\assignmenttemplates\assignment4\assignment4\x64\debug\assignment4.tlog\icx-clang-cl.13816.delete.1.tlog
d:\classes\multicoreprogramming\assignments\spring2021\assignmenttemplates\assignment4\assignment4\x64\debug\assignment4.tlog\icx-clang-cl.13816.read.1.tlog
d:\classes\multicoreprogramming\assignments\spring2021\assignmenttemplates\assignment4\assignment4\x64\debug\assignment4.tlog\icx-clang-cl.13816.write.1.tlog
d:\classes\multicoreprogramming\assignments\spring2021\assignmenttemplates\assignment4\assignment4\x64\debug\assignment4.tlog\icx-clang-cl.1688.delete.1.tlog
d:\classes\multicoreprogramming\assignments\spring2021\assignmenttemplates\assignment4\assignment4\x64\debug\assignment4.tlog\icx-clang-cl.1688.read.1.tlog
d:\classes\multicoreprogramming\assignments\spring2021\assignmenttemplates\assignment4\assignment4\x64\debug\assignment4.tlog\icx-clang-cl.1688.write.1.tlog
d:\classes\multicoreprogramming\assignments\spring2021\assignmenttemplates\assignment4\assignment4\x64\debug\assignment4.tlog\icx-clang-cl.17832.delete.1.tlog
d:\classes\multicoreprogramming\assignments\spring2021\assignmenttemplates\assignment4\assignment4\x64\debug\assignment4.tlog\icx-clang-cl.17832.read.1.tlog
d:\classes\multicoreprogramming\assignments\spring2021\assignmenttemplates\assignment4\assignment4\x64\debug\assignment4.tlog\icx-clang-cl.17832.write.1.tlog
d:\classes\multicoreprogramming\assignments\spring2021\assignmenttemplates\assignment4\assignment4\x64\debug\assignment4.tlog\icx-clang-cl.18992.delete.1.tlog
d:\classes\multicoreprogramming\assignments\spring2021\assignmenttemplates\assignment4\assignment4\x64\debug\assignment4.tlog\icx-clang-cl.18992.read.1.tlog
d:\classes\multicoreprogramming\assignments\spring2021\assignmenttemplates\assignment4\assignment4\x64\debug\assignment4.tlog\icx-clang-cl.18992.write.1.tlog
d:\classes\multicoreprogramming\assignments\spring2021\assignmenttemplates\assignment4\assignment4\x64\debug\assignment4.tlog\icx-clang-cl.8996.delete.1.tlog
d:\classes\multicoreprogramming\assignments\spring2021\assignmenttemplates\assignment4\assignment4\x64\debug\assignment4.tlog\icx-clang-cl.8996.read.1.tlog
d:\classes\multicoreprogramming\assignments\spring2021\assignmenttemplates\assignment4\assignment4\x64\debug\assignment4.tlog\icx-clang-cl.8996.write.1.tlog
d:\classes\multicoreprogramming\assignments\spring2021\assignmenttemplates\assignment4\assignment4\x64\debug\assignment4.tlog\icx-clang-cl.read.1.tlog
d:\classes\multicoreprogramming\assignments\spring2021\assignmenttemplates\assignment4\assignment4\x64\debug\assignment4.tlog\icx.command.1.tlog
d:\classes\multicoreprogramming\assignments\spring2021\assignmenttemplates\assignment4\assignment4\x64\debug\assignment4.tlog\icx.read.1.tlog
d:\classes\multicoreprogramming\assignments\spring2021\assignmenttemplates\assignment4\assignment4\x64\debug\assignment4.tlog\icx.write.1.tlog
d:\classes\multicoreprogramming\assignments\spring2021\assignmenttemplates\assignment4\assignment4\x64\debug\assignment4.tlog\xilink-lld-link.delete.1.tlog
d:\classes\multicoreprogramming\assignments\spring2021\assignmenttemplates\assignment4\assignment4\x64\debug\assignment4.tlog\xilink-lld-link.read.1.tlog
d:\classes\multicoreprogramming\assignments\spring2021\assignmenttemplates\assignment4\assignment4\x64\debug\assignment4.tlog\xilink-lld-link.read.2.tlog
d:\classes\multicoreprogramming\assignments\spring2021\assignmenttemplates\assignment4\assignment4\x64\debug\assignment4.tlog\xilink-lld-link.write.1.tlog
d:\classes\multicoreprogramming\assignments\spring2021\assignmenttemplates\assignment4\assignment4\x64\debug\assignment4.tlog\xilink.command.1.tlog
d:\classes\multicoreprogramming\assignments\spring2021\assignmenttemplates\assignment4\assignment4\x64\debug\assignment4.tlog\xilink.read.1.tlog
d:\classes\multicoreprogramming\assignments\spring2021\assignmenttemplates\assignment4\assignment4\x64\debug\assignment4.tlog\xilink.write.1.tlog
