d:\classes\gpgpu\codes\exams\test1\templates\takehome\takehome\x64\debug\vc143.pdb
d:\classes\gpgpu\codes\exams\test1\templates\takehome\takehome\x64\debug\vc143.idb
d:\classes\gpgpu\codes\exams\test1\templates\takehome\takehome\x64\debug\parallelhistogram.obj
d:\classes\gpgpu\codes\exams\test1\templates\takehome\takehome\x64\debug\cpufunctions.obj
d:\classes\gpgpu\codes\exams\test1\templates\takehome\takehome\x64\debug\gpuerrors.cu.obj
d:\classes\gpgpu\codes\exams\test1\templates\takehome\takehome\x64\debug\globalcopyhistogram.cu.obj
d:\classes\gpgpu\codes\exams\test1\templates\takehome\takehome\x64\debug\naivehistogramgpu.cu.obj
d:\classes\gpgpu\codes\exams\test1\templates\takehome\takehome\x64\debug\sharedcopyhistogram.cu.obj
d:\classes\gpgpu\codes\exams\test1\templates\takehome\takehome\x64\debug\takehome.ilk
d:\classes\gpgpu\codes\exams\test1\templates\takehome\x64\debug\takehome.exe
d:\classes\gpgpu\codes\exams\test1\templates\takehome\x64\debug\takehome.pdb
d:\classes\gpgpu\codes\exams\test1\templates\takehome\takehome\x64\debug\globalcopyhistogram.cu.cache
d:\classes\gpgpu\codes\exams\test1\templates\takehome\takehome\x64\debug\gpuerrors.cu.cache
d:\classes\gpgpu\codes\exams\test1\templates\takehome\takehome\x64\debug\naivehistogramgpu.cu.cache
d:\classes\gpgpu\codes\exams\test1\templates\takehome\takehome\x64\debug\sharedcopyhistogram.cu.cache
d:\classes\gpgpu\codes\exams\test1\templates\takehome\takehome\x64\debug\takehome.tlog\cl.command.1.tlog
d:\classes\gpgpu\codes\exams\test1\templates\takehome\takehome\x64\debug\takehome.tlog\cl.read.1.tlog
d:\classes\gpgpu\codes\exams\test1\templates\takehome\takehome\x64\debug\takehome.tlog\cl.write.1.tlog
d:\classes\gpgpu\codes\exams\test1\templates\takehome\takehome\x64\debug\takehome.tlog\cudacompile.read.1u.tlog
d:\classes\gpgpu\codes\exams\test1\templates\takehome\takehome\x64\debug\takehome.tlog\cudacompile.write.1u.tlog
d:\classes\gpgpu\codes\exams\test1\templates\takehome\takehome\x64\debug\takehome.tlog\link.command.1.tlog
d:\classes\gpgpu\codes\exams\test1\templates\takehome\takehome\x64\debug\takehome.tlog\link.read.1.tlog
d:\classes\gpgpu\codes\exams\test1\templates\takehome\takehome\x64\debug\takehome.tlog\link.write.1.tlog
