d:\classes\multicoreprogramming\assignments\spring2021\assignment4\assignment4\x64\release\functions.obj
d:\classes\multicoreprogramming\assignments\spring2021\assignment4\assignment4\x64\release\linearregression.obj
d:\classes\multicoreprogramming\assignments\spring2021\assignment4\assignment4\x64\release\sequential.obj
d:\classes\multicoreprogramming\assignments\spring2021\assignment4\assignment4\x64\release\parallell.obj
d:\classes\multicoreprogramming\assignments\spring2021\assignment4\assignment4\x64\release\taskparallelism.obj
d:\classes\multicoreprogramming\assignments\spring2021\assignment4\x64\release\assignment4.pdb
d:\classes\multicoreprogramming\assignments\spring2021\assignment4\x64\release\assignment4.exe
d:\classes\multicoreprogramming\assignments\spring2021\assignmenttemplates\assignment4\assignment4\x64\release\functions.obj
d:\classes\multicoreprogramming\assignments\spring2021\assignmenttemplates\assignment4\assignment4\x64\release\linearregression.obj
d:\classes\multicoreprogramming\assignments\spring2021\assignmenttemplates\assignment4\assignment4\x64\release\parallell.obj
d:\classes\multicoreprogramming\assignments\spring2021\assignmenttemplates\assignment4\assignment4\x64\release\sequential.obj
d:\classes\multicoreprogramming\assignments\spring2021\assignmenttemplates\assignment4\assignment4\x64\release\taskparallelism.obj
d:\classes\multicoreprogramming\assignments\spring2021\assignmenttemplates\assignment4\x64\release\assignment4.pdb
d:\classes\multicoreprogramming\assignments\spring2021\assignmenttemplates\assignment4\x64\release\assignment4.exe
d:\classes\multicoreprogramming\assignments\spring2021\assignmenttemplates\assignment4\assignment4\x64\release\assignment4.tlog\icx-clang-cl.10280.delete.1.tlog
d:\classes\multicoreprogramming\assignments\spring2021\assignmenttemplates\assignment4\assignment4\x64\release\assignment4.tlog\icx-clang-cl.10280.read.1.tlog
d:\classes\multicoreprogramming\assignments\spring2021\assignmenttemplates\assignment4\assignment4\x64\release\assignment4.tlog\icx-clang-cl.10280.write.1.tlog
d:\classes\multicoreprogramming\assignments\spring2021\assignmenttemplates\assignment4\assignment4\x64\release\assignment4.tlog\icx-clang-cl.19964.delete.1.tlog
d:\classes\multicoreprogramming\assignments\spring2021\assignmenttemplates\assignment4\assignment4\x64\release\assignment4.tlog\icx-clang-cl.19964.read.1.tlog
d:\classes\multicoreprogramming\assignments\spring2021\assignmenttemplates\assignment4\assignment4\x64\release\assignment4.tlog\icx-clang-cl.19964.write.1.tlog
d:\classes\multicoreprogramming\assignments\spring2021\assignmenttemplates\assignment4\assignment4\x64\release\assignment4.tlog\icx-clang-cl.21220.delete.1.tlog
d:\classes\multicoreprogramming\assignments\spring2021\assignmenttemplates\assignment4\assignment4\x64\release\assignment4.tlog\icx-clang-cl.21220.read.1.tlog
d:\classes\multicoreprogramming\assignments\spring2021\assignmenttemplates\assignment4\assignment4\x64\release\assignment4.tlog\icx-clang-cl.21220.write.1.tlog
d:\classes\multicoreprogramming\assignments\spring2021\assignmenttemplates\assignment4\assignment4\x64\release\assignment4.tlog\icx-clang-cl.21320.delete.1.tlog
d:\classes\multicoreprogramming\assignments\spring2021\assignmenttemplates\assignment4\assignment4\x64\release\assignment4.tlog\icx-clang-cl.21320.read.1.tlog
d:\classes\multicoreprogramming\assignments\spring2021\assignmenttemplates\assignment4\assignment4\x64\release\assignment4.tlog\icx-clang-cl.21320.write.1.tlog
d:\classes\multicoreprogramming\assignments\spring2021\assignmenttemplates\assignment4\assignment4\x64\release\assignment4.tlog\icx-clang-cl.22492.delete.1.tlog
d:\classes\multicoreprogramming\assignments\spring2021\assignmenttemplates\assignment4\assignment4\x64\release\assignment4.tlog\icx-clang-cl.22492.read.1.tlog
d:\classes\multicoreprogramming\assignments\spring2021\assignmenttemplates\assignment4\assignment4\x64\release\assignment4.tlog\icx-clang-cl.22492.write.1.tlog
d:\classes\multicoreprogramming\assignments\spring2021\assignmenttemplates\assignment4\assignment4\x64\release\assignment4.tlog\icx-clang-cl.read.1.tlog
d:\classes\multicoreprogramming\assignments\spring2021\assignmenttemplates\assignment4\assignment4\x64\release\assignment4.tlog\icx.command.1.tlog
d:\classes\multicoreprogramming\assignments\spring2021\assignmenttemplates\assignment4\assignment4\x64\release\assignment4.tlog\icx.read.1.tlog
d:\classes\multicoreprogramming\assignments\spring2021\assignmenttemplates\assignment4\assignment4\x64\release\assignment4.tlog\icx.write.1.tlog
d:\classes\multicoreprogramming\assignments\spring2021\assignmenttemplates\assignment4\assignment4\x64\release\assignment4.tlog\xilink-lld-link.delete.1.tlog
d:\classes\multicoreprogramming\assignments\spring2021\assignmenttemplates\assignment4\assignment4\x64\release\assignment4.tlog\xilink-lld-link.read.1.tlog
d:\classes\multicoreprogramming\assignments\spring2021\assignmenttemplates\assignment4\assignment4\x64\release\assignment4.tlog\xilink-lld-link.read.2.tlog
d:\classes\multicoreprogramming\assignments\spring2021\assignmenttemplates\assignment4\assignment4\x64\release\assignment4.tlog\xilink-lld-link.write.1.tlog
d:\classes\multicoreprogramming\assignments\spring2021\assignmenttemplates\assignment4\assignment4\x64\release\assignment4.tlog\xilink.command.1.tlog
d:\classes\multicoreprogramming\assignments\spring2021\assignmenttemplates\assignment4\assignment4\x64\release\assignment4.tlog\xilink.read.1.tlog
d:\classes\multicoreprogramming\assignments\spring2021\assignmenttemplates\assignment4\assignment4\x64\release\assignment4.tlog\xilink.write.1.tlog
