c:\users\radbo\source\repos\linear_algebra\linear_algebra\x64\debug\vc143.pdb
c:\users\radbo\source\repos\linear_algebra\linear_algebra\x64\debug\vc143.idb
c:\users\radbo\source\repos\linear_algebra\linear_algebra\x64\debug\vector-ops.obj
c:\users\radbo\source\repos\linear_algebra\linear_algebra\x64\debug\matrix-ops.obj
c:\users\radbo\source\repos\linear_algebra\linear_algebra\x64\debug\linear algebra.obj
c:\users\radbo\source\repos\linear_algebra\linear_algebra\x64\debug\common.cu.obj
c:\users\radbo\source\repos\linear_algebra\linear_algebra\x64\debug\matrix-ops.cu.obj
c:\users\radbo\source\repos\linear_algebra\linear_algebra\x64\debug\vector-ops.cu.obj
c:\users\radbo\source\repos\linear_algebra\x64\debug\linear_algebra.exe
c:\users\radbo\source\repos\linear_algebra\x64\debug\linear_algebra.pdb
c:\users\radbo\source\repos\linear_algebra\x64\debug\linear_algebra.lib
c:\users\radbo\source\repos\linear_algebra\x64\debug\linear_algebra.exp
c:\users\radbo\source\repos\linear_algebra\linear_algebra\x64\debug\linear_algebra.ilk
c:\users\radbo\source\repos\linear_algebra\linear_algebra\x64\debug\common.cu.cache
c:\users\radbo\source\repos\linear_algebra\linear_algebra\x64\debug\matrix-ops.cu.cache
c:\users\radbo\source\repos\linear_algebra\linear_algebra\x64\debug\vector-ops.cu.cache
c:\users\radbo\source\repos\linear_algebra\linear_algebra\x64\debug\linear_algebra.tlog\cl.command.1.tlog
c:\users\radbo\source\repos\linear_algebra\linear_algebra\x64\debug\linear_algebra.tlog\cl.items.tlog
c:\users\radbo\source\repos\linear_algebra\linear_algebra\x64\debug\linear_algebra.tlog\cl.read.1.tlog
c:\users\radbo\source\repos\linear_algebra\linear_algebra\x64\debug\linear_algebra.tlog\cl.write.1.tlog
c:\users\radbo\source\repos\linear_algebra\linear_algebra\x64\debug\linear_algebra.tlog\cudacompile.read.1u.tlog
c:\users\radbo\source\repos\linear_algebra\linear_algebra\x64\debug\linear_algebra.tlog\cudacompile.write.1u.tlog
c:\users\radbo\source\repos\linear_algebra\linear_algebra\x64\debug\linear_algebra.tlog\link.command.1.tlog
c:\users\radbo\source\repos\linear_algebra\linear_algebra\x64\debug\linear_algebra.tlog\link.read.1.tlog
c:\users\radbo\source\repos\linear_algebra\linear_algebra\x64\debug\linear_algebra.tlog\link.secondary.1.tlog
c:\users\radbo\source\repos\linear_algebra\linear_algebra\x64\debug\linear_algebra.tlog\link.write.1.tlog
