  Compiling CUDA source file ..\..\..\..\..\Codes\Common\GPUErrors.cu...
  Compiling CUDA source file Prob4GPU.cu...
  
  D:\Classes\GPGPU\Assignments\Templates\Assignment3\Prob4\Prob4>"C:\Program Files\NVIDIA GPU Computing Toolkit\CUDA\v11.7\bin\nvcc.exe" -gencode=arch=compute_52,code=\"sm_52,compute_52\" --use-local-env -ccbin "C:\Program Files\Microsoft Visual Studio\2022\Professional\VC\Tools\MSVC\14.33.31629\bin\HostX64\x64" -x cu   -I"C:\Program Files\NVIDIA GPU Computing Toolkit\CUDA\v11.7\include" -I"C:\Program Files\NVIDIA GPU Computing Toolkit\CUDA\v11.7\include"     --keep-dir x64\Release  -maxrregcount=0  --machine 64 --compile -cudart static    -DNDEBUG -D_CONSOLE -D_UNICODE -DUNICODE -Xcompiler "/EHsc /W3 /nologo /O2 /Fdx64\Release\vc143.pdb /FS   /MD " -o D:\Classes\GPGPU\Assignments\Templates\Assignment3\Prob4\Prob4\x64\Release\Prob4GPU.cu.obj "D:\Classes\GPGPU\Assignments\Templates\Assignment3\Prob4\Prob4\Prob4GPU.cu" 
  
  D:\Classes\GPGPU\Assignments\Templates\Assignment3\Prob4\Prob4>"C:\Program Files\NVIDIA GPU Computing Toolkit\CUDA\v11.7\bin\nvcc.exe" -gencode=arch=compute_52,code=\"sm_52,compute_52\" --use-local-env -ccbin "C:\Program Files\Microsoft Visual Studio\2022\Professional\VC\Tools\MSVC\14.33.31629\bin\HostX64\x64" -x cu   -I"C:\Program Files\NVIDIA GPU Computing Toolkit\CUDA\v11.7\include" -I"C:\Program Files\NVIDIA GPU Computing Toolkit\CUDA\v11.7\include"     --keep-dir x64\Release  -maxrregcount=0  --machine 64 --compile -cudart static    -DNDEBUG -D_CONSOLE -D_UNICODE -DUNICODE -Xcompiler "/EHsc /W3 /nologo /O2 /Fdx64\Release\vc143.pdb /FS   /MD " -o D:\Classes\GPGPU\Assignments\Templates\Assignment3\Prob4\Prob4\x64\Release\GPUErrors.cu.obj "D:\Classes\GPGPU\Codes\Common\GPUErrors.cu" 
D:\Classes\GPGPU\Assignments\Templates\Assignment3\Prob4\Prob4\Prob4GPU.cu(12): warning #177-D: variable "d_Matrix" was declared but never referenced
  
D:\Classes\GPGPU\Assignments\Templates\Assignment3\Prob4\Prob4\Prob4GPU.cu(12): warning #177-D: variable "d_V" was declared but never referenced
  
D:\Classes\GPGPU\Assignments\Templates\Assignment3\Prob4\Prob4\Prob4GPU.cu(12): warning #177-D: variable "d_P" was declared but never referenced
  
D:\Classes\GPGPU\Assignments\Templates\Assignment3\Prob4\Prob4\Prob4GPU.cu(13): warning #177-D: variable "MatrixSizeInBytes" was declared but never referenced
  
D:\Classes\GPGPU\Assignments\Templates\Assignment3\Prob4\Prob4\Prob4GPU.cu(14): warning #177-D: variable "VectorSize" was declared but never referenced
  
  GPUErrors.cu
  Prob4GPU.cu
D:\Classes\GPGPU\Assignments\Templates\Assignment3\Prob4\Prob4\Prob4GPU.cu(12): warning C4101: 'd_V': unreferenced local variable
D:\Classes\GPGPU\Assignments\Templates\Assignment3\Prob4\Prob4\Prob4GPU.cu(12): warning C4101: 'd_P': unreferenced local variable
D:\Classes\GPGPU\Assignments\Templates\Assignment3\Prob4\Prob4\Prob4GPU.cu(12): warning C4101: 'd_Matrix': unreferenced local variable
  functions.cpp
D:\Classes\GPGPU\Assignments\Templates\Assignment3\Prob4\Prob4\functions.cpp(11,67): warning C4244: '=': conversion from 'double' to 'float', possible loss of data
D:\Classes\GPGPU\Assignments\Templates\Assignment3\Prob4\Prob4\functions.cpp(14,68): warning C4244: '=': conversion from 'double' to 'float', possible loss of data
D:\Classes\GPGPU\Assignments\Templates\Assignment3\Prob4\Prob4\functions.cpp(20,28): warning C4305: 'initializing': truncation from 'double' to 'float'
D:\Classes\GPGPU\Assignments\Templates\Assignment3\Prob4\Prob4\functions.cpp(29,12): warning C4129: 'g': unrecognized character escape sequence
  Prob4.cpp
  Prob4CPU.cpp
D:\Classes\GPGPU\Assignments\Templates\Assignment3\Prob4\Prob4\Prob4CPU.cpp(13,66): warning C4244: '=': conversion from '_Rep' to 'double', possible loss of data
          with
          [
              _Rep=__int64
          ]
  Generating code
  Previous IPDB not found, fall back to full compilation.
  All 154 functions were compiled because no usable IPDB/IOBJ from previous compilation was found.
  Finished generating code
  Prob4.vcxproj -> D:\Classes\GPGPU\Assignments\Templates\Assignment3\Prob4\x64\Release\Prob4.exe
