d:\classes\gpgpu\codes\exams\test2\template\segmentedparallelscan\segmentedparallelscan\x64\release\vc143.pdb
d:\classes\gpgpu\codes\exams\test2\template\segmentedparallelscan\segmentedparallelscan\x64\release\parallelsegmentedscan.obj
d:\classes\gpgpu\codes\exams\test2\template\segmentedparallelscan\segmentedparallelscan\x64\release\functions.obj
d:\classes\gpgpu\codes\exams\test2\template\segmentedparallelscan\segmentedparallelscan\x64\release\cpuscan.obj
d:\classes\gpgpu\codes\exams\test2\template\segmentedparallelscan\segmentedparallelscan\x64\release\gpuerrors.cu.obj
d:\classes\gpgpu\codes\exams\test2\template\segmentedparallelscan\segmentedparallelscan\x64\release\gpusegmentedscan.cu.obj
d:\classes\gpgpu\codes\exams\test2\template\segmentedparallelscan\x64\release\segmentedparallelscan.exe
d:\classes\gpgpu\codes\exams\test2\template\segmentedparallelscan\segmentedparallelscan\x64\release\segmentedparallelscan.ipdb
d:\classes\gpgpu\codes\exams\test2\template\segmentedparallelscan\x64\release\segmentedparallelscan.pdb
d:\classes\gpgpu\codes\exams\test2\template\segmentedparallelscan\segmentedparallelscan\x64\release\segmentedparallelscan.iobj
d:\classes\gpgpu\codes\exams\test2\template\segmentedparallelscan\segmentedparallelscan\x64\release\gpuerrors.cu.cache
d:\classes\gpgpu\codes\exams\test2\template\segmentedparallelscan\segmentedparallelscan\x64\release\gpusegmentedscan.cu.cache
d:\classes\gpgpu\codes\exams\test2\template\segmentedparallelscan\segmentedparallelscan\x64\release\segmente.e5f21eb7.tlog\cl.command.1.tlog
d:\classes\gpgpu\codes\exams\test2\template\segmentedparallelscan\segmentedparallelscan\x64\release\segmente.e5f21eb7.tlog\cl.read.1.tlog
d:\classes\gpgpu\codes\exams\test2\template\segmentedparallelscan\segmentedparallelscan\x64\release\segmente.e5f21eb7.tlog\cl.write.1.tlog
d:\classes\gpgpu\codes\exams\test2\template\segmentedparallelscan\segmentedparallelscan\x64\release\segmente.e5f21eb7.tlog\cudacompile.read.1u.tlog
d:\classes\gpgpu\codes\exams\test2\template\segmentedparallelscan\segmentedparallelscan\x64\release\segmente.e5f21eb7.tlog\cudacompile.write.1u.tlog
d:\classes\gpgpu\codes\exams\test2\template\segmentedparallelscan\segmentedparallelscan\x64\release\segmente.e5f21eb7.tlog\link.command.1.tlog
d:\classes\gpgpu\codes\exams\test2\template\segmentedparallelscan\segmentedparallelscan\x64\release\segmente.e5f21eb7.tlog\link.read.1.tlog
d:\classes\gpgpu\codes\exams\test2\template\segmentedparallelscan\segmentedparallelscan\x64\release\segmente.e5f21eb7.tlog\link.write.1.tlog
