j:\assignments\spring2021\assignment3\prob3\prob3\debug\functions.obj
j:\assignments\spring2021\assignment3\prob3\prob3\debug\matrixmult.obj
j:\assignments\spring2021\assignment3\prob3\prob3\debug\sequential.obj
j:\assignments\spring2021\assignment3\prob3\prob3\debug\parallel.obj
j:\assignments\spring2021\assignment3\prob3\debug\prob3.ilk
j:\assignments\spring2021\assignment3\prob3\debug\prob3.exe
j:\assignments\spring2021\assignment3\prob3\debug\prob3.pdb
j:\assignments\spring2021\assignment3\prob3\prob3\debug\prob3.tlog\icx-clang-cl.15340.delete.1.tlog
j:\assignments\spring2021\assignment3\prob3\prob3\debug\prob3.tlog\icx-clang-cl.15340.read.1.tlog
j:\assignments\spring2021\assignment3\prob3\prob3\debug\prob3.tlog\icx-clang-cl.15340.write.1.tlog
j:\assignments\spring2021\assignment3\prob3\prob3\debug\prob3.tlog\icx-clang-cl.22808.delete.1.tlog
j:\assignments\spring2021\assignment3\prob3\prob3\debug\prob3.tlog\icx-clang-cl.22808.read.1.tlog
j:\assignments\spring2021\assignment3\prob3\prob3\debug\prob3.tlog\icx-clang-cl.22808.write.1.tlog
j:\assignments\spring2021\assignment3\prob3\prob3\debug\prob3.tlog\icx-clang-cl.23212.delete.1.tlog
j:\assignments\spring2021\assignment3\prob3\prob3\debug\prob3.tlog\icx-clang-cl.23212.read.1.tlog
j:\assignments\spring2021\assignment3\prob3\prob3\debug\prob3.tlog\icx-clang-cl.23212.write.1.tlog
j:\assignments\spring2021\assignment3\prob3\prob3\debug\prob3.tlog\icx-clang-cl.9744.delete.1.tlog
j:\assignments\spring2021\assignment3\prob3\prob3\debug\prob3.tlog\icx-clang-cl.9744.read.1.tlog
j:\assignments\spring2021\assignment3\prob3\prob3\debug\prob3.tlog\icx-clang-cl.9744.write.1.tlog
j:\assignments\spring2021\assignment3\prob3\prob3\debug\prob3.tlog\icx-clang-cl.read.1.tlog
j:\assignments\spring2021\assignment3\prob3\prob3\debug\prob3.tlog\icx.command.1.tlog
j:\assignments\spring2021\assignment3\prob3\prob3\debug\prob3.tlog\icx.read.1.tlog
j:\assignments\spring2021\assignment3\prob3\prob3\debug\prob3.tlog\icx.write.1.tlog
j:\assignments\spring2021\assignment3\prob3\prob3\debug\prob3.tlog\xilink-link-cvtres.read.1.tlog
j:\assignments\spring2021\assignment3\prob3\prob3\debug\prob3.tlog\xilink-link-cvtres.write.1.tlog
j:\assignments\spring2021\assignment3\prob3\prob3\debug\prob3.tlog\xilink-link-rc.read.1.tlog
j:\assignments\spring2021\assignment3\prob3\prob3\debug\prob3.tlog\xilink-link-rc.write.1.tlog
j:\assignments\spring2021\assignment3\prob3\prob3\debug\prob3.tlog\xilink-link.read.1.tlog
j:\assignments\spring2021\assignment3\prob3\prob3\debug\prob3.tlog\xilink-link.write.1.tlog
j:\assignments\spring2021\assignment3\prob3\prob3\debug\prob3.tlog\xilink.command.1.tlog
j:\assignments\spring2021\assignment3\prob3\prob3\debug\prob3.tlog\xilink.read.1.tlog
j:\assignments\spring2021\assignment3\prob3\prob3\debug\prob3.tlog\xilink.write.1.tlog
