d:\classes\gpgpu\codes\exams\test2\template\segmentedparallelscan\segmentedparallelscan\x64\debug\vc143.pdb
d:\classes\gpgpu\codes\exams\test2\template\segmentedparallelscan\segmentedparallelscan\x64\debug\vc143.idb
d:\classes\gpgpu\codes\exams\test2\template\segmentedparallelscan\segmentedparallelscan\x64\debug\parallelsegmentedscan.obj
d:\classes\gpgpu\codes\exams\test2\template\segmentedparallelscan\segmentedparallelscan\x64\debug\functions.obj
d:\classes\gpgpu\codes\exams\test2\template\segmentedparallelscan\segmentedparallelscan\x64\debug\cpuscan.obj
d:\classes\gpgpu\codes\exams\test2\template\segmentedparallelscan\segmentedparallelscan\x64\debug\gpuerrors.cu.obj
d:\classes\gpgpu\codes\exams\test2\template\segmentedparallelscan\segmentedparallelscan\x64\debug\gpusegmentedscan.cu.obj
d:\classes\gpgpu\codes\exams\test2\template\segmentedparallelscan\segmentedparallelscan\x64\debug\segmentedparallelscan.ilk
d:\classes\gpgpu\codes\exams\test2\template\segmentedparallelscan\x64\debug\segmentedparallelscan.exe
d:\classes\gpgpu\codes\exams\test2\template\segmentedparallelscan\x64\debug\segmentedparallelscan.pdb
d:\classes\gpgpu\codes\exams\test2\template\segmentedparallelscan\segmentedparallelscan\x64\debug\gpuerrors.cu.cache
d:\classes\gpgpu\codes\exams\test2\template\segmentedparallelscan\segmentedparallelscan\x64\debug\gpusegmentedscan.cu.cache
d:\classes\gpgpu\codes\exams\test2\template\segmentedparallelscan\segmentedparallelscan\x64\debug\segmente.e5f21eb7.tlog\cl.command.1.tlog
d:\classes\gpgpu\codes\exams\test2\template\segmentedparallelscan\segmentedparallelscan\x64\debug\segmente.e5f21eb7.tlog\cl.read.1.tlog
d:\classes\gpgpu\codes\exams\test2\template\segmentedparallelscan\segmentedparallelscan\x64\debug\segmente.e5f21eb7.tlog\cl.write.1.tlog
d:\classes\gpgpu\codes\exams\test2\template\segmentedparallelscan\segmentedparallelscan\x64\debug\segmente.e5f21eb7.tlog\cudacompile.read.1u.tlog
d:\classes\gpgpu\codes\exams\test2\template\segmentedparallelscan\segmentedparallelscan\x64\debug\segmente.e5f21eb7.tlog\cudacompile.write.1u.tlog
d:\classes\gpgpu\codes\exams\test2\template\segmentedparallelscan\segmentedparallelscan\x64\debug\segmente.e5f21eb7.tlog\link.command.1.tlog
d:\classes\gpgpu\codes\exams\test2\template\segmentedparallelscan\segmentedparallelscan\x64\debug\segmente.e5f21eb7.tlog\link.read.1.tlog
d:\classes\gpgpu\codes\exams\test2\template\segmentedparallelscan\segmentedparallelscan\x64\debug\segmente.e5f21eb7.tlog\link.write.1.tlog
