f:\computer engineering\2021 spring\multicore programming\homework\assignment3\assignment3\prob3\prob3\matrixmult.opt.yaml
f:\computer engineering\2021 spring\multicore programming\homework\assignment3\assignment3\prob3\prob3\x64\release\functions.obj
f:\computer engineering\2021 spring\multicore programming\homework\assignment3\assignment3\prob3\x64\release\prob3.pdb
f:\computer engineering\2021 spring\multicore programming\homework\assignment3\assignment3\prob3\x64\release\prob3.exe
f:\computer engineering\2021 spring\multicore programming\homework\assignment3\assignment3\prob3\prob3\x64\release\parallel.obj
f:\computer engineering\2021 spring\multicore programming\homework\assignment3\assignment3\prob3\prob3\x64\release\sequential.obj
f:\computer engineering\2021 spring\multicore programming\homework\assignment3\assignment3\prob3\prob3\x64\release\prob3.tlog\icx-clang-cl.16020.delete.1.tlog
f:\computer engineering\2021 spring\multicore programming\homework\assignment3\assignment3\prob3\prob3\x64\release\prob3.tlog\icx-clang-cl.16020.read.1.tlog
f:\computer engineering\2021 spring\multicore programming\homework\assignment3\assignment3\prob3\prob3\x64\release\prob3.tlog\icx-clang-cl.16020.write.1.tlog
f:\computer engineering\2021 spring\multicore programming\homework\assignment3\assignment3\prob3\prob3\x64\release\prob3.tlog\icx-clang-cl.17724.delete.1.tlog
f:\computer engineering\2021 spring\multicore programming\homework\assignment3\assignment3\prob3\prob3\x64\release\prob3.tlog\icx-clang-cl.17724.read.1.tlog
f:\computer engineering\2021 spring\multicore programming\homework\assignment3\assignment3\prob3\prob3\x64\release\prob3.tlog\icx-clang-cl.17724.write.1.tlog
f:\computer engineering\2021 spring\multicore programming\homework\assignment3\assignment3\prob3\prob3\x64\release\prob3.tlog\icx-clang-cl.21744.delete.1.tlog
f:\computer engineering\2021 spring\multicore programming\homework\assignment3\assignment3\prob3\prob3\x64\release\prob3.tlog\icx-clang-cl.21744.read.1.tlog
f:\computer engineering\2021 spring\multicore programming\homework\assignment3\assignment3\prob3\prob3\x64\release\prob3.tlog\icx-clang-cl.21744.write.1.tlog
f:\computer engineering\2021 spring\multicore programming\homework\assignment3\assignment3\prob3\prob3\x64\release\prob3.tlog\icx-clang-cl.4652.delete.1.tlog
f:\computer engineering\2021 spring\multicore programming\homework\assignment3\assignment3\prob3\prob3\x64\release\prob3.tlog\icx-clang-cl.4652.read.1.tlog
f:\computer engineering\2021 spring\multicore programming\homework\assignment3\assignment3\prob3\prob3\x64\release\prob3.tlog\icx-clang-cl.4652.write.1.tlog
f:\computer engineering\2021 spring\multicore programming\homework\assignment3\assignment3\prob3\prob3\x64\release\prob3.tlog\icx-clang-cl.read.1.tlog
f:\computer engineering\2021 spring\multicore programming\homework\assignment3\assignment3\prob3\prob3\x64\release\prob3.tlog\icx.command.1.tlog
f:\computer engineering\2021 spring\multicore programming\homework\assignment3\assignment3\prob3\prob3\x64\release\prob3.tlog\xilink-lld-link.delete.1.tlog
f:\computer engineering\2021 spring\multicore programming\homework\assignment3\assignment3\prob3\prob3\x64\release\prob3.tlog\xilink-lld-link.read.1.tlog
f:\computer engineering\2021 spring\multicore programming\homework\assignment3\assignment3\prob3\prob3\x64\release\prob3.tlog\xilink-lld-link.read.2.tlog
f:\computer engineering\2021 spring\multicore programming\homework\assignment3\assignment3\prob3\prob3\x64\release\prob3.tlog\xilink-lld-link.write.1.tlog
f:\computer engineering\2021 spring\multicore programming\homework\assignment3\assignment3\prob3\prob3\x64\release\prob3.tlog\xilink.command.1.tlog
f:\computer engineering\2021 spring\multicore programming\homework\assignment3\assignment3\prob3\prob3\x64\release\prob3.tlog\icx-clang-cl.12080.read.1.tlog
f:\computer engineering\2021 spring\multicore programming\homework\assignment3\assignment3\prob3\prob3\x64\release\prob3.tlog\icx-clang-cl.12080.write.1.tlog
f:\computer engineering\2021 spring\multicore programming\homework\assignment3\assignment3\prob3\prob3\x64\release\prob3.tlog\icx-clang-cl.12080.delete.1.tlog
f:\computer engineering\2021 spring\multicore programming\homework\assignment3\assignment3\prob3\prob3\x64\release\prob3.tlog\icx-clang-cl.19772.read.1.tlog
f:\computer engineering\2021 spring\multicore programming\homework\assignment3\assignment3\prob3\prob3\x64\release\prob3.tlog\icx-clang-cl.19772.write.1.tlog
f:\computer engineering\2021 spring\multicore programming\homework\assignment3\assignment3\prob3\prob3\x64\release\prob3.tlog\icx-clang-cl.19772.delete.1.tlog
f:\computer engineering\2021 spring\multicore programming\homework\assignment3\assignment3\prob3\prob3\x64\release\prob3.tlog\icx-clang-cl.1144.read.1.tlog
f:\computer engineering\2021 spring\multicore programming\homework\assignment3\assignment3\prob3\prob3\x64\release\prob3.tlog\icx-clang-cl.1144.write.1.tlog
f:\computer engineering\2021 spring\multicore programming\homework\assignment3\assignment3\prob3\prob3\x64\release\prob3.tlog\icx-clang-cl.1144.delete.1.tlog
f:\computer engineering\2021 spring\multicore programming\homework\assignment3\assignment3\prob3\prob3\x64\release\prob3.tlog\icx-clang-cl.19576.read.1.tlog
f:\computer engineering\2021 spring\multicore programming\homework\assignment3\assignment3\prob3\prob3\x64\release\prob3.tlog\icx-clang-cl.19576.write.1.tlog
f:\computer engineering\2021 spring\multicore programming\homework\assignment3\assignment3\prob3\prob3\x64\release\prob3.tlog\icx-clang-cl.19576.delete.1.tlog
f:\computer engineering\2021 spring\multicore programming\homework\assignment3\assignment3\prob3\prob3\x64\release\prob3.tlog\xilink-lld-link.read.5.tlog
f:\computer engineering\2021 spring\multicore programming\homework\assignment3\assignment3\prob3\prob3\x64\release\prob3.tlog\xilink-lld-link.read.7.tlog
f:\computer engineering\2021 spring\multicore programming\homework\assignment3\assignment3\prob3\prob3\x64\release\prob3.tlog\xilink-lld-link.read.4.tlog
f:\computer engineering\2021 spring\multicore programming\homework\assignment3\assignment3\prob3\prob3\x64\release\prob3.tlog\xilink-lld-link.read.11.tlog
f:\computer engineering\2021 spring\multicore programming\homework\assignment3\assignment3\prob3\prob3\x64\release\prob3.tlog\xilink-lld-link.read.8.tlog
f:\computer engineering\2021 spring\multicore programming\homework\assignment3\assignment3\prob3\prob3\x64\release\prob3.tlog\xilink-lld-link.read.9.tlog
f:\computer engineering\2021 spring\multicore programming\homework\assignment3\assignment3\prob3\prob3\x64\release\prob3.tlog\xilink-lld-link.read.12.tlog
f:\computer engineering\2021 spring\multicore programming\homework\assignment3\assignment3\prob3\prob3\x64\release\prob3.tlog\xilink-lld-link.read.6.tlog
f:\computer engineering\2021 spring\multicore programming\homework\assignment3\assignment3\prob3\prob3\x64\release\prob3.tlog\xilink-lld-link.read.10.tlog
f:\computer engineering\2021 spring\multicore programming\homework\assignment3\assignment3\prob3\prob3\x64\release\prob3.tlog\xilink-lld-link.read.3.tlog
f:\computer engineering\2021 spring\multicore programming\homework\assignment3\assignment3\prob3\prob3\x64\release\prob3.tlog\icx.read.1.tlog
f:\computer engineering\2021 spring\multicore programming\homework\assignment3\assignment3\prob3\prob3\x64\release\prob3.tlog\xilink.read.1.tlog
f:\computer engineering\2021 spring\multicore programming\homework\assignment3\assignment3\prob3\prob3\x64\release\prob3.tlog\icx.write.1.tlog
f:\computer engineering\2021 spring\multicore programming\homework\assignment3\assignment3\prob3\prob3\x64\release\prob3.tlog\xilink.write.1.tlog
f:\computer engineering\2021 spring\multicore programming\homework\assignment3\assignment3\prob3\prob3\x64\release\prob3.tlog\icx-clang-cl.write.1.tlog
f:\computer engineering\2021 spring\multicore programming\homework\assignment3\assignment3\prob3\prob3\x64\release\prob3.tlog\icx-clang-cl.delete.1.tlog
f:\computer engineering\2021 spring\multicore programming\homework\assignment3\assignment3\prob3\prob3\x64\release\prob3.tlog\icx-clang-cl.25556.read.1.tlog
f:\computer engineering\2021 spring\multicore programming\homework\assignment3\assignment3\prob3\prob3\x64\release\prob3.tlog\icx-clang-cl.25556.write.1.tlog
f:\computer engineering\2021 spring\multicore programming\homework\assignment3\assignment3\prob3\prob3\x64\release\prob3.tlog\icx-clang-cl.25556.delete.1.tlog
f:\computer engineering\2021 spring\multicore programming\homework\assignment3\assignment3\prob3\prob3\x64\release\prob3.tlog\icx-clang-cl.22336.read.1.tlog
f:\computer engineering\2021 spring\multicore programming\homework\assignment3\assignment3\prob3\prob3\x64\release\prob3.tlog\icx-clang-cl.22336.write.1.tlog
f:\computer engineering\2021 spring\multicore programming\homework\assignment3\assignment3\prob3\prob3\x64\release\prob3.tlog\icx-clang-cl.22336.delete.1.tlog
f:\computer engineering\2021 spring\multicore programming\homework\assignment3\assignment3\prob3\prob3\x64\release\prob3.tlog\icx-clang-cl.9900.read.1.tlog
f:\computer engineering\2021 spring\multicore programming\homework\assignment3\assignment3\prob3\prob3\x64\release\prob3.tlog\icx-clang-cl.9900.write.1.tlog
f:\computer engineering\2021 spring\multicore programming\homework\assignment3\assignment3\prob3\prob3\x64\release\prob3.tlog\icx-clang-cl.9900.delete.1.tlog
f:\computer engineering\2021 spring\multicore programming\homework\assignment3\assignment3\prob3\prob3\x64\release\prob3.tlog\icx-clang-cl.8624.read.1.tlog
f:\computer engineering\2021 spring\multicore programming\homework\assignment3\assignment3\prob3\prob3\x64\release\prob3.tlog\icx-clang-cl.8624.write.1.tlog
f:\computer engineering\2021 spring\multicore programming\homework\assignment3\assignment3\prob3\prob3\x64\release\prob3.tlog\icx-clang-cl.8624.delete.1.tlog
f:\computer engineering\2021 spring\multicore programming\homework\assignment3\assignment3\prob3\prob3\x64\release\prob3.tlog\icx-clang-cl.18008.read.1.tlog
f:\computer engineering\2021 spring\multicore programming\homework\assignment3\assignment3\prob3\prob3\x64\release\prob3.tlog\icx-clang-cl.18008.write.1.tlog
f:\computer engineering\2021 spring\multicore programming\homework\assignment3\assignment3\prob3\prob3\x64\release\prob3.tlog\icx-clang-cl.18008.delete.1.tlog
f:\computer engineering\2021 spring\multicore programming\homework\assignment3\assignment3\prob3\prob3\x64\release\prob3.tlog\icx-clang-cl.18172.read.1.tlog
f:\computer engineering\2021 spring\multicore programming\homework\assignment3\assignment3\prob3\prob3\x64\release\prob3.tlog\icx-clang-cl.18172.write.1.tlog
f:\computer engineering\2021 spring\multicore programming\homework\assignment3\assignment3\prob3\prob3\x64\release\prob3.tlog\icx-clang-cl.18172.delete.1.tlog
f:\computer engineering\2021 spring\multicore programming\homework\assignment3\assignment3\prob3\prob3\x64\release\prob3.tlog\icx-clang-cl.21160.read.1.tlog
f:\computer engineering\2021 spring\multicore programming\homework\assignment3\assignment3\prob3\prob3\x64\release\prob3.tlog\icx-clang-cl.21160.write.1.tlog
f:\computer engineering\2021 spring\multicore programming\homework\assignment3\assignment3\prob3\prob3\x64\release\prob3.tlog\icx-clang-cl.21160.delete.1.tlog
f:\computer engineering\2021 spring\multicore programming\homework\assignment3\assignment3\prob3\prob3\x64\release\prob3.tlog\icx-clang-cl.11388.read.1.tlog
f:\computer engineering\2021 spring\multicore programming\homework\assignment3\assignment3\prob3\prob3\x64\release\prob3.tlog\icx-clang-cl.11388.write.1.tlog
f:\computer engineering\2021 spring\multicore programming\homework\assignment3\assignment3\prob3\prob3\x64\release\prob3.tlog\icx-clang-cl.11388.delete.1.tlog
f:\computer engineering\2021 spring\multicore programming\homework\assignment3\assignment3\prob3\prob3\x64\release\prob3.tlog\icx-clang-cl.19828.read.1.tlog
f:\computer engineering\2021 spring\multicore programming\homework\assignment3\assignment3\prob3\prob3\x64\release\prob3.tlog\icx-clang-cl.19828.write.1.tlog
f:\computer engineering\2021 spring\multicore programming\homework\assignment3\assignment3\prob3\prob3\x64\release\prob3.tlog\icx-clang-cl.5724.read.1.tlog
f:\computer engineering\2021 spring\multicore programming\homework\assignment3\assignment3\prob3\prob3\x64\release\prob3.tlog\icx-clang-cl.5724.write.1.tlog
