  Global loop optimization report for : main
  
  LOOP BEGIN at MatrixMult.cpp (19, 0)
  LOOP END
  
  LOOP BEGIN at MatrixMult.cpp (23, 0)
  LOOP END
  
  LOOP BEGIN at MatrixMult.cpp (27, 0)
  LOOP END
  
  LOOP BEGIN at MatrixMult.cpp (41, 0)
      Remark: LLorg: Loop has been completely unrolled
  LOOP END
  
  LOOP BEGIN at MatrixMult.cpp (76, 0)
  LOOP END
  
  LOOP BEGIN at MatrixMult.cpp (85, 0)
      Remark: LLorg: Loop has been completely unrolled
  LOOP END
  
  LOOP BEGIN at MatrixMult.cpp (103, 0)
      Remark: LLorg: Loop has been completely unrolled
  LOOP END
  
  LOOP BEGIN at MatrixMult.cpp (120, 0)
      Remark: LLorg: Loop has been completely unrolled
  LOOP END
  =================================================================
  
  Global loop optimization report for : ??0?$basic_string@DU?$char_traits@D@std@@V?$allocator@D@2@@std@@QEAA@QEBD@Z
  =================================================================
  
  Global loop optimization report for : ??$?6U?$char_traits@D@std@@@std@@YAAEAV?$basic_ostream@DU?$char_traits@D@std@@@0@AEAV10@PEBD@Z
  
  LOOP BEGIN at C:\Program Files (x86)\Microsoft Visual Studio\2019\Community\VC\Tools\MSVC\14.28.29333\include\ostream (748, 0)
  LOOP END
  
  LOOP BEGIN at C:\Program Files (x86)\Microsoft Visual Studio\2019\Community\VC\Tools\MSVC\14.28.29333\include\ostream (761, 0)
  LOOP END
  =================================================================
  
  Global loop optimization report for : ?_Xlen_string@std@@YAXXZ
  =================================================================
  
  Global loop optimization report for : ??_Gbad_array_new_length@std@@UEAAPEAXI@Z
  =================================================================
  
  Global loop optimization report for : ?what@exception@std@@UEBAPEBDXZ
  =================================================================
  
  Global loop optimization report for : ??_Gbad_alloc@std@@UEAAPEAXI@Z
  =================================================================
  
  Global loop optimization report for : ??_Gexception@std@@UEAAPEAXI@Z
  =================================================================
  
  Global loop optimization report for : ??1_Sentry_base@?$basic_ostream@DU?$char_traits@D@std@@@std@@QEAA@XZ
  =================================================================
  
  Global loop optimization report for : ??$_Getvals@_W@?$time_get@DV?$istreambuf_iterator@DU?$char_traits@D@std@@@std@@@std@@IEAAX_WAEBV_Locinfo@1@@Z
  =================================================================
  
  Global loop optimization report for : ??$_Getvals@_W@?$time_get@_WV?$istreambuf_iterator@_WU?$char_traits@_W@std@@@std@@@std@@IEAAX_WAEBV_Locinfo@1@@Z
  =================================================================
  
  Global loop optimization report for : ?MatrixTranspose@@YAXPEAPEAN0UDim@@@Z
  
  LOOP BEGIN at Parallel.cpp (9, 0)
  
      LOOP BEGIN at Parallel.cpp (10, 0)
      LOOP END
  LOOP END
  =================================================================
  
  Global loop optimization report for : ?MatrixMultParallel@@YAXPEAPEAN00UDim@@1@Z
  =================================================================
  
  Global loop optimization report for : ?MatrixMultParallelTrans@@YAXPEAPEAN00UDim@@1@Z
  =================================================================
  
  Global loop optimization report for : ??$_Getvals@_W@?$time_get@DV?$istreambuf_iterator@DU?$char_traits@D@std@@@std@@@std@@IEAAX_WAEBV_Locinfo@1@@Z
  =================================================================
  
  Global loop optimization report for : ??$_Getvals@_W@?$time_get@_WV?$istreambuf_iterator@_WU?$char_traits@_W@std@@@std@@@std@@IEAAX_WAEBV_Locinfo@1@@Z
  =================================================================
  
  Global loop optimization report for : ?MatrixMultParallel@@YAXPEAPEAN00UDim@@1@Z_tree_reduce_21
  =================================================================
  
  Global loop optimization report for : ?MatrixMultParallel@@YAXPEAPEAN00UDim@@1@Z.extracted
  
  LOOP BEGIN at Parallel.cpp (35, 0)
      Remark: OpenMP: Outlined parallel loop
  LOOP END
  =================================================================
  
  Global loop optimization report for : ?MatrixMultParallel@@YAXPEAPEAN00UDim@@1@Z.extracted.15
  
  LOOP BEGIN at Parallel.cpp (29, 0)
      Remark: OpenMP: Parallel loop was outlined
      Remark: OpenMP: Outlined parallel loop
  LOOP END
  =================================================================
  
  Global loop optimization report for : ?MatrixMultParallel@@YAXPEAPEAN00UDim@@1@Z.extracted.20
  
  LOOP BEGIN at Parallel.cpp (26, 0)
      Remark: OpenMP: Parallel loop was outlined
      Remark: OpenMP: Outlined parallel loop
  LOOP END
  =================================================================
  
  Global loop optimization report for : ?MatrixMultParallelTrans@@YAXPEAPEAN00UDim@@1@Z_tree_reduce_24
  =================================================================
  
  Global loop optimization report for : ?MatrixMultParallelTrans@@YAXPEAPEAN00UDim@@1@Z.extracted
  
  LOOP BEGIN at Parallel.cpp (63, 0)
      Remark: OpenMP: Outlined parallel loop
  LOOP END
  =================================================================
  
  Global loop optimization report for : ?MatrixMultParallelTrans@@YAXPEAPEAN00UDim@@1@Z.extracted.37
  
  LOOP BEGIN at Parallel.cpp (59, 0)
      Remark: OpenMP: Parallel loop was outlined
      Remark: OpenMP: Outlined parallel loop
  LOOP END
  =================================================================
  
  Global loop optimization report for : ?MatrixMultParallelTrans@@YAXPEAPEAN00UDim@@1@Z.extracted.42
  
  LOOP BEGIN at Parallel.cpp (56, 0)
      Remark: OpenMP: Parallel loop was outlined
      Remark: OpenMP: Outlined parallel loop
  LOOP END
  =================================================================
  
  Global loop optimization report for : ?MatrixMultSeq@@YAXPEAPEAN00UDim@@1@Z
  
  LOOP BEGIN at Sequential.cpp (5, 0)
  
      LOOP BEGIN at Sequential.cpp (7, 0)
  
          LOOP BEGIN at Sequential.cpp (10, 0)
          LOOP END
      LOOP END
  LOOP END
  =================================================================
  
  Global loop optimization report for : ?MatrixMultSeqTrans@@YAXPEAPEAN00UDim@@1@Z
  
  LOOP BEGIN at Sequential.cpp (30, 0)
  
      LOOP BEGIN at Sequential.cpp (32, 0)
  
          LOOP BEGIN at Sequential.cpp (35, 0)
          LOOP END
      LOOP END
  LOOP END
  =================================================================
  
  Global loop optimization report for : ??$_Getvals@_W@?$time_get@DV?$istreambuf_iterator@DU?$char_traits@D@std@@@std@@@std@@IEAAX_WAEBV_Locinfo@1@@Z
  =================================================================
  
  Global loop optimization report for : ??$_Getvals@_W@?$time_get@_WV?$istreambuf_iterator@_WU?$char_traits@_W@std@@@std@@@std@@IEAAX_WAEBV_Locinfo@1@@Z
  =================================================================
  
  Prob3.vcxproj -> F:\Computer Engineering\2021 Spring\Multicore Programming\Homework\Assignment3\Assignment3\Prob3\x64\Release\Prob3.exe
